1744921060.185761
1744921060.299501
1744921060.411250
1744921060.518716
1744921060.626197
1744921060.733614
1744921060.840999
1744921060.948416
1744921061.055846
1744921061.163410
1744921061.272380
1744921061.379770
1744921061.487137
1744921061.594625
1744921061.702098
1744921061.810677
1744921061.919663
1744921062.027702
1744921062.135140
1744921062.242581
1744921062.350171
1744921062.457677
1744921062.565087
1744921062.673528
1744921062.786718
1744921062.895905
1744921063.003335
1744921063.110748
1744921063.220607
1744921063.328100
1744921063.437165
1744921063.546162
1744921063.653614
1744921063.760983
1744921063.868838
1744921063.976372
1744921064.083728
1744921064.191226
1744921064.298591
1744921064.406128
1744921064.513591
1744921064.621049
1744921064.729397
1744921064.836895
1744921064.944267
1744921065.051701
1744921065.159109
1744921065.266545
1744921065.373960
1744921065.482570
1744921065.590837
1744921065.701979
1744921065.809385
1744921065.916964
1744921066.024464
1744921066.131904
1744921066.241165
1744921066.350308
1744921066.457752
1744921066.565412
1744921066.678971
1744921066.786429
1744921066.895587
1744921067.002986
1744921067.110460
1744921067.217848
1744921067.325293
1744921067.432781
1744921067.540195
1744921067.647612
1744921067.755520
1744921067.867572
1744921067.974908
1744921068.084011
1744921068.191521
1744921068.299066
1744921068.406479
1744921068.513861
1744921068.621406
1744921068.728907
1744921068.840659
1744921068.948573
1744921069.056144
1744921069.164993
1744921069.272615
1744921069.379988
1744921069.487477
1744921069.595568
1744921069.707570
1744921069.816806
1744921069.924320
1744921070.031731
1744921070.139145
1744921070.246559
1744921070.355614
1744921070.462953
1744921070.574310
1744921070.683478
1744921070.790942
1744921070.898338
1744921071.005779
1744921071.113164
1744921071.224376
1744921071.333110
1744921071.440991
1744921071.548405
1744921071.655804
1744921071.763248
1744921071.870710
1744921071.978156
1744921072.085503
1744921072.196894
1744921072.307675
1744921072.419771
1744921072.530700
1744921072.638098
1744921072.746988
1744921072.858787
1744921072.967847
1744921073.075259
1744921073.182685
1744921073.290131
1744921073.398496
1744921073.505890
1744921073.615987
1744921073.725095
1744921073.834096
1744921073.941620
1744921074.053142
1744921074.160528
1744921074.268038
1744921074.375468
1744921074.482893
1744921074.590283
1744921074.697747
1744921074.806657
1744921074.914065
1744921075.021505
1744921075.133011
1744921075.242009
1744921075.349441
1744921075.456822
1744921075.564300
1744921075.674434
1744921075.781865
1744921075.891127
1744921075.998643
1744921076.106001
1744921076.213427
1744921076.320815
1744921076.428208
1744921076.536984
1744921076.646077
1744921076.754640
1744921076.862004
1744921076.972055
1744921077.079489
1744921077.188539
1744921077.295962
1744921077.403285
1744921077.510755
1744921077.619810
1744921077.728950
1744921077.836385
1744921077.943813
1744921078.051223
1744921078.163086
1744921078.270523
1744921078.377951
1744921078.485389
1744921078.594401
1744921078.701794
1744921078.809254
1744921078.916922
1744921079.025218
1744921079.132583
1744921079.240337
1744921079.347799
1744921079.455282
1744921079.562728
1744921079.670080
1744921079.777534
1744921079.885009
1744921079.992371
1744921080.100595
1744921080.208047
1744921080.315481
1744921080.422956
1744921080.530311
1744921080.637933
1744921080.745350
1744921080.852793
1744921080.960162
1744921081.067582
1744921081.174984
1744921081.282383
1744921081.389739
1744921081.498290
1744921081.605711
1744921081.713105
1744921081.821004
1744921081.931568
1744921082.039027
1744921082.146770
1744921082.254155
1744921082.361604
1744921082.468959
1744921082.576403
1744921082.683783
1744921082.791186
1744921082.898618
1744921083.006090
1744921083.113530
1744921083.220874
1744921083.328390
1744921083.435776
1744921083.543144
1744921083.650537
1744921083.758015
1744921083.866001
1744921083.973531
1744921084.080974
1744921084.188348
1744921084.297478
1744921084.404949
1744921084.512373
1744921084.619787
1744921084.727193
1744921084.834583
1744921084.941945
1744921085.049351
1744921085.156713
1744921085.264152
1744921085.371644
1744921085.479142
1744921085.586562
1744921085.693940
1744921085.801407
1744921085.908855
1744921086.017358
1744921086.125780
1744921086.237135
1744921086.344616
1744921086.452836
1744921086.561088
1744921086.668674
1744921086.776108
1744921086.887605
1744921086.995256
1744921087.102688
1744921087.210107
1744921087.319158
1744921087.426547
1744921087.535562
1744921087.644545
1744921087.752024
1744921087.861012
1744921087.968425
1744921088.079773
1744921088.188773
1744921088.296154
1744921088.403484
1744921088.510867
1744921088.619856
1744921088.727262
1744921088.836407
1744921088.947964
1744921089.055543
1744921089.164407
1744921089.273425
1744921089.380845
1744921089.488234
1744921089.595861
1744921089.703216
1744921089.812673
1744921089.920073
1744921090.027561
1744921090.136595
1744921090.245665
1744921090.359098
1744921090.470676
1744921090.581817
1744921090.689724
1744921090.798956
1744921090.908579
1744921091.017123
1744921091.124660
1744921091.233726
1744921091.341133
1744921091.454478
1744921091.566268
1744921091.673757
1744921091.781144
1744921091.888479
1744921091.997484
1744921092.104841
1744921092.216741
1744921092.327205
1744921092.434632
1744921092.542068
1744921092.649473
1744921092.756986
1744921092.864456
1744921092.971908
1744921093.079352
1744921093.187913
1744921093.295386
1744921093.404413
1744921093.512674
1744921093.620121
1744921093.731505
1744921093.843052
1744921093.950456
1744921094.057860
1744921094.165244
1744921094.272696
1744921094.380149
1744921094.487583
1744921094.596665
1744921094.704179
1744921094.811746
1744921094.919162
1744921095.028228
1744921095.135716
1744921095.247695
1744921095.355148
1744921095.462617
1744921095.570062
1744921095.681629
1744921095.790763
1744921095.898208
1744921096.005648
1744921096.113045
1744921096.220466
1744921096.331920
1744921096.439335
1744921096.546743
1744921096.654172
1744921096.761555
1744921096.868975
1744921096.976466
1744921097.084270
1744921097.192114
1744921097.299554
1744921097.408579
1744921097.515958
1744921097.623362
1744921097.730746
1744921097.839721
1744921097.947304
1744921098.054856
1744921098.162290
1744921098.269677
1744921098.377038
1744921098.484395
1744921098.591849
1744921098.699262
1744921098.806704
1744921098.915759
1744921099.023168
1744921099.130524
1744921099.237892
1744921099.345292
1744921099.455584
1744921099.562948
1744921099.670408
1744921099.777900
1744921099.885257
1744921099.993462
1744921100.102528
1744921100.210044
1744921100.317443
1744921100.426713
1744921100.534148
1744921100.643230
1744921100.750965
1744921100.862939
1744921100.970373
1744921101.077835
1744921101.185372
1744921101.292898
1744921101.403579
1744921101.512628
1744921101.620080
1744921101.727530
1744921101.835155
1744921101.942643
1744921102.051140
1744921102.159802
1744921102.267262
1744921102.374850
1744921102.482214
1744921102.593162
1744921102.700622
1744921102.809634
1744921102.917576
1744921103.025179
1744921103.132778
1744921103.243966
1744921103.351469
1744921103.460476
1744921103.567928
1744921103.676953
1744921103.784370
1744921103.893462
1744921104.000924
1744921104.108369
1744921104.220925
1744921104.328294
1744921104.435837
1744921104.543372
1744921104.651188
1744921104.762720
1744921104.870171
1744921104.981948
1744921105.089434
1744921105.197418
1744921105.307039
1744921105.414436
1744921105.521817
1744921105.631043
1744921105.740093
1744921105.849078
1744921105.956494
1744921106.063987
1744921106.171354
1744921106.278691
1744921106.386025
1744921106.493399
1744921106.601685
1744921106.713488
1744921106.820923
1744921106.930001
1744921107.037484
1744921107.144911
1744921107.252347
1744921107.359843
1744921107.471805
1744921107.579336
1744921107.688511
1744921107.796837
1744921107.904445
1744921108.012292
1744921108.119737
1744921108.227268
1744921108.334639
1744921108.442022
1744921108.550636
1744921108.658172
1744921108.771610
1744921108.880799
1744921108.988298
1744921109.099299
1744921109.206708
1744921109.314109
1744921109.421520
1744921109.528913
1744921109.636316
1744921109.743662
1744921109.855785
1744921109.963283
1744921110.070690
1744921110.182901
1744921110.290273
1744921110.401493
1744921110.513263
1744921110.620739
1744921110.732593
1744921110.839969
1744921110.947495
1744921111.055007
1744921111.164092
1744921111.276108
1744921111.388202
1744921111.495714
1744921111.603182
1744921111.710580
1744921111.817988
1744921111.925465
1744921112.034521
1744921112.141930
1744921112.249965
1744921112.358983
1744921112.466443
1744921112.575332
1744921112.686753
1744921112.794219
1744921112.901641
1744921113.009046
1744921113.117668
1744921113.225091
1744921113.332452
1744921113.441864
1744921113.549261
1744921113.657601
1744921113.766682
1744921113.874119
1744921113.983157
1744921114.091225
1744921114.200112
1744921114.309246
1744921114.417688
1744921114.525081
1744921114.632479
1744921114.744440
1744921114.851822
1744921114.959228
1744921115.066620
1744921115.177600
1744921115.287996
1744921115.400158
1744921115.507519
1744921115.616626
1744921115.723983
1744921115.831365
1744921115.940417
1744921116.047874
1744921116.155252
1744921116.262687
1744921116.370153
1744921116.477622
1744921116.585027
1744921116.694107
1744921116.801571
1744921116.908935
1744921117.016465
1744921117.124669
1744921117.232137
1744921117.343948
1744921117.451349
1744921117.560793
1744921117.669748
1744921117.777110
1744921117.884580
1744921117.996718
1744921118.104099
1744921118.211518
1744921118.318920
1744921118.426334
1744921118.537669
1744921118.645122
1744921118.756482
1744921118.866050
1744921118.975092
1744921119.082593
1744921119.191603
1744921119.299188
1744921119.406657
1744921119.515863
1744921119.624205
1744921119.733723
1744921119.841369
1744921119.954225
1744921120.061651
1744921120.169010
