1744921060.178347 1744921060.185761 7.41
1744921060.290616 1744921060.299501 8.88
1744921060.404029 1744921060.411250 7.22
1744921060.511478 1744921060.518716 7.24
1744921060.618935 1744921060.626197 7.26
1744921060.726368 1744921060.733614 7.25
1744921060.833780 1744921060.840999 7.22
1744921060.941177 1744921060.948416 7.24
1744921061.048614 1744921061.055846 7.23
1744921061.156041 1744921061.163410 7.37
1744921061.263580 1744921061.272380 8.80
1744921061.372565 1744921061.379770 7.21
1744921061.479895 1744921061.487137 7.24
1744921061.587316 1744921061.594625 7.31
1744921061.694841 1744921061.702098 7.26
1744921061.802263 1744921061.810677 8.41
1744921061.910845 1744921061.919663 8.82
1744921062.019875 1744921062.027702 7.83
1744921062.127866 1744921062.135140 7.27
1744921062.235315 1744921062.242581 7.27
1744921062.342776 1744921062.350171 7.40
1744921062.450375 1744921062.457677 7.30
1744921062.557841 1744921062.565087 7.25
1744921062.666318 1744921062.673528 7.21
1744921062.777828 1744921062.786718 8.89
1744921062.886917 1744921062.895905 8.99
1744921062.996066 1744921063.003335 7.27
1744921063.103505 1744921063.110748 7.24
1744921063.213241 1744921063.220607 7.37
1744921063.320814 1744921063.328100 7.29
1744921063.428267 1744921063.437165 8.90
1744921063.537333 1744921063.546162 8.83
1744921063.646378 1744921063.653614 7.24
1744921063.753781 1744921063.760983 7.20
1744921063.861247 1744921063.868838 7.59
1744921063.969078 1744921063.976372 7.29
1744921064.076547 1744921064.083728 7.18
1744921064.183894 1744921064.191226 7.33
1744921064.291396 1744921064.298591 7.19
1744921064.398772 1744921064.406128 7.36
1744921064.506333 1744921064.513591 7.26
1744921064.613761 1744921064.621049 7.29
1744921064.721284 1744921064.729397 8.11
1744921064.829571 1744921064.836895 7.32
1744921064.937057 1744921064.944267 7.21
1744921065.044464 1744921065.051701 7.24
1744921065.151872 1744921065.159109 7.24
1744921065.259301 1744921065.266545 7.24
1744921065.366676 1744921065.373960 7.28
1744921065.474184 1744921065.482570 8.39
1744921065.583610 1744921065.590837 7.23
1744921065.694772 1744921065.701979 7.21
1744921065.802147 1744921065.809385 7.24
1744921065.909564 1744921065.916964 7.40
1744921066.017135 1744921066.024464 7.33
1744921066.124706 1744921066.131904 7.20
1744921066.232157 1744921066.241165 9.01
1744921066.341398 1744921066.350308 8.91
1744921066.450468 1744921066.457752 7.28
1744921066.557929 1744921066.565412 7.48
1744921066.670019 1744921066.678971 8.95
1744921066.779138 1744921066.786429 7.29
1744921066.886663 1744921066.895587 8.92
1744921066.995789 1744921067.002986 7.20
1744921067.103220 1744921067.110460 7.24
1744921067.210639 1744921067.217848 7.21
1744921067.318028 1744921067.325293 7.27
1744921067.425496 1744921067.432781 7.28
1744921067.532959 1744921067.540195 7.24
1744921067.640389 1744921067.647612 7.22
1744921067.748217 1744921067.755520 7.30
1744921067.860292 1744921067.867572 7.28
1744921067.967738 1744921067.974908 7.17
1744921068.075072 1744921068.084011 8.94
1744921068.184237 1744921068.191521 7.28
1744921068.291694 1744921068.299066 7.37
1744921068.399240 1744921068.406479 7.24
1744921068.506653 1744921068.513861 7.21
1744921068.614045 1744921068.621406 7.36
1744921068.721649 1744921068.728907 7.26
1744921068.833399 1744921068.840659 7.26
1744921068.940909 1744921068.948573 7.66
1744921069.048789 1744921069.056144 7.35
1744921069.156346 1744921069.164993 8.65
1744921069.265211 1744921069.272615 7.40
1744921069.372801 1744921069.379988 7.19
1744921069.480172 1744921069.487477 7.31
1744921069.588308 1744921069.595568 7.26
1744921069.700273 1744921069.707570 7.30
1744921069.809549 1744921069.816806 7.26
1744921069.917049 1744921069.924320 7.27
1744921070.024508 1744921070.031731 7.22
1744921070.131922 1744921070.139145 7.22
1744921070.239311 1744921070.246559 7.25
1744921070.346743 1744921070.355614 8.87
1744921070.455779 1744921070.462953 7.17
1744921070.567094 1744921070.574310 7.22
1744921070.674483 1744921070.683478 9.00
1744921070.783620 1744921070.790942 7.32
1744921070.891111 1744921070.898338 7.23
1744921070.998524 1744921071.005779 7.26
1744921071.105953 1744921071.113164 7.21
1744921071.217080 1744921071.224376 7.30
1744921071.324558 1744921071.333110 8.55
1744921071.433750 1744921071.440991 7.24
1744921071.541168 1744921071.548405 7.24
1744921071.648576 1744921071.655804 7.23
1744921071.756011 1744921071.763248 7.24
1744921071.863428 1744921071.870710 7.28
1744921071.970876 1744921071.978156 7.28
1744921072.078324 1744921072.085503 7.18
1744921072.189624 1744921072.196894 7.27
1744921072.300380 1744921072.307675 7.29
1744921072.412491 1744921072.419771 7.28
1744921072.523499 1744921072.530700 7.20
1744921072.630862 1744921072.638098 7.24
1744921072.738312 1744921072.746988 8.68
1744921072.851544 1744921072.858787 7.24
1744921072.960583 1744921072.967847 7.26
1744921073.068037 1744921073.075259 7.22
1744921073.175464 1744921073.182685 7.22
1744921073.282850 1744921073.290131 7.28
1744921073.391226 1744921073.398496 7.27
1744921073.498661 1744921073.505890 7.23
1744921073.607333 1744921073.615987 8.65
1744921073.716153 1744921073.725095 8.94
1744921073.825266 1744921073.834096 8.83
1744921073.934374 1744921073.941620 7.25
1744921074.045854 1744921074.053142 7.29
1744921074.153290 1744921074.160528 7.24
1744921074.260802 1744921074.268038 7.24
1744921074.368224 1744921074.375468 7.24
1744921074.475639 1744921074.482893 7.25
1744921074.583003 1744921074.590283 7.28
1744921074.690475 1744921074.697747 7.27
1744921074.797921 1744921074.806657 8.74
1744921074.906874 1744921074.914065 7.19
1744921075.014250 1744921075.021505 7.26
1744921075.125770 1744921075.133011 7.24
1744921075.233177 1744921075.242009 8.83
1744921075.342195 1744921075.349441 7.25
1744921075.449627 1744921075.456822 7.19
1744921075.557004 1744921075.564300 7.30
1744921075.667185 1744921075.674434 7.25
1744921075.774646 1744921075.781865 7.22
1744921075.883827 1744921075.891127 7.30
1744921075.991293 1744921075.998643 7.35
1744921076.098810 1744921076.106001 7.19
1744921076.206184 1744921076.213427 7.24
1744921076.313604 1744921076.320815 7.21
1744921076.421008 1744921076.428208 7.20
1744921076.528394 1744921076.536984 8.59
1744921076.637180 1744921076.646077 8.90
1744921076.746239 1744921076.754640 8.40
1744921076.854806 1744921076.862004 7.20
1744921076.964813 1744921076.972055 7.24
1744921077.072264 1744921077.079489 7.23
1744921077.179677 1744921077.188539 8.86
1744921077.288736 1744921077.295962 7.23
1744921077.396122 1744921077.403285 7.16
1744921077.503481 1744921077.510755 7.27
1744921077.610957 1744921077.619810 8.85
1744921077.720025 1744921077.728950 8.92
1744921077.829124 1744921077.836385 7.26
1744921077.936549 1744921077.943813 7.26
1744921078.044009 1744921078.051223 7.21
1744921078.155861 1744921078.163086 7.23
1744921078.263256 1744921078.270523 7.27
1744921078.370710 1744921078.377951 7.24
1744921078.478115 1744921078.485389 7.27
1744921078.585567 1744921078.594401 8.83
1744921078.694565 1744921078.701794 7.23
1744921078.801975 1744921078.809254 7.28
1744921078.909462 1744921078.916922 7.46
1744921079.017190 1744921079.025218 8.03
1744921079.125394 1744921079.132583 7.19
1744921079.233108 1744921079.240337 7.23
1744921079.340540 1744921079.347799 7.26
1744921079.447971 1744921079.455282 7.31
1744921079.555472 1744921079.562728 7.26
1744921079.662856 1744921079.670080 7.22
1744921079.770298 1744921079.777534 7.24
1744921079.877701 1744921079.885009 7.31
1744921079.985109 1744921079.992371 7.26
1744921080.092478 1744921080.100595 8.12
1744921080.200794 1744921080.208047 7.25
1744921080.308270 1744921080.315481 7.21
1744921080.415661 1744921080.422956 7.29
1744921080.523128 1744921080.530311 7.18
1744921080.630476 1744921080.637933 7.46
1744921080.738105 1744921080.745350 7.24
1744921080.845502 1744921080.852793 7.29
1744921080.952959 1744921080.960162 7.20
1744921081.060333 1744921081.067582 7.25
1744921081.167756 1744921081.174984 7.23
1744921081.275166 1744921081.282383 7.22
1744921081.382545 1744921081.389739 7.19
1744921081.491037 1744921081.498290 7.25
1744921081.598500 1744921081.605711 7.21
1744921081.705900 1744921081.713105 7.21
1744921081.813306 1744921081.821004 7.70
1744921081.924318 1744921081.931568 7.25
1744921082.031766 1744921082.039027 7.26
1744921082.139193 1744921082.146770 7.58
1744921082.246961 1744921082.254155 7.19
1744921082.354341 1744921082.361604 7.26
1744921082.461771 1744921082.468959 7.19
1744921082.569128 1744921082.576403 7.27
1744921082.676573 1744921082.683783 7.21
1744921082.783988 1744921082.791186 7.20
1744921082.891373 1744921082.898618 7.25
1744921082.998808 1744921083.006090 7.28
1744921083.106265 1744921083.113530 7.26
1744921083.213654 1744921083.220874 7.22
1744921083.321092 1744921083.328390 7.30
1744921083.428555 1744921083.435776 7.22
1744921083.535943 1744921083.543144 7.20
1744921083.643311 1744921083.650537 7.23
1744921083.750713 1744921083.758015 7.30
1744921083.858184 1744921083.866001 7.82
1744921083.966134 1744921083.973531 7.40
1744921084.073752 1744921084.080974 7.22
1744921084.181139 1744921084.188348 7.21
1744921084.288580 1744921084.297478 8.90
1744921084.397648 1744921084.404949 7.30
1744921084.505186 1744921084.512373 7.19
1744921084.612600 1744921084.619787 7.19
1744921084.719964 1744921084.727193 7.23
1744921084.827373 1744921084.834583 7.21
1744921084.934754 1744921084.941945 7.19
1744921085.042113 1744921085.049351 7.24
1744921085.149517 1744921085.156713 7.20
1744921085.256893 1744921085.264152 7.26
1744921085.364361 1744921085.371644 7.28
1744921085.471826 1744921085.479142 7.32
1744921085.579306 1744921085.586562 7.26
1744921085.686749 1744921085.693940 7.19
1744921085.794156 1744921085.801407 7.25
1744921085.901591 1744921085.908855 7.26
1744921086.009021 1744921086.017358 8.34
1744921086.117536 1744921086.125780 8.24
1744921086.229788 1744921086.237135 7.35
1744921086.337357 1744921086.344616 7.26
1744921086.444796 1744921086.452836 8.04
1744921086.553012 1744921086.561088 8.08
1744921086.661289 1744921086.668674 7.39
1744921086.768838 1744921086.776108 7.27
1744921086.880227 1744921086.887605 7.38
1744921086.987789 1744921086.995256 7.47
1744921087.095415 1744921087.102688 7.27
1744921087.202889 1744921087.210107 7.22
1744921087.310274 1744921087.319158 8.88
1744921087.419334 1744921087.426547 7.21
1744921087.526731 1744921087.535562 8.83
1744921087.635692 1744921087.644545 8.85
1744921087.744714 1744921087.752024 7.31
1744921087.852108 1744921087.861012 8.90
1744921087.961194 1744921087.968425 7.23
1744921088.072476 1744921088.079773 7.30
1744921088.179936 1744921088.188773 8.84
1744921088.288937 1744921088.296154 7.22
1744921088.396323 1744921088.403484 7.16
1744921088.503649 1744921088.510867 7.22
1744921088.611034 1744921088.619856 8.82
1744921088.720044 1744921088.727262 7.22
1744921088.827451 1744921088.836407 8.96
1744921088.940652 1744921088.947964 7.31
1744921089.048128 1744921089.055543 7.42
1744921089.157073 1744921089.164407 7.33
1744921089.264574 1744921089.273425 8.85
1744921089.373618 1744921089.380845 7.23
1744921089.481009 1744921089.488234 7.23
1744921089.588430 1744921089.595861 7.43
1744921089.696032 1744921089.703216 7.18
1744921089.803405 1744921089.812673 9.27
1744921089.912851 1744921089.920073 7.22
1744921090.020275 1744921090.027561 7.29
1744921090.127733 1744921090.136595 8.86
1744921090.236796 1744921090.245665 8.87
1744921090.350270 1744921090.359098 8.83
1744921090.463389 1744921090.470676 7.29
1744921090.572973 1744921090.581817 8.84
1744921090.682098 1744921090.689724 7.63
1744921090.790109 1744921090.798956 8.85
1744921090.900706 1744921090.908579 7.87
1744921091.008791 1744921091.017123 8.33
1744921091.117425 1744921091.124660 7.24
1744921091.224871 1744921091.233726 8.86
1744921091.333930 1744921091.341133 7.20
1744921091.445644 1744921091.454478 8.83
1744921091.559032 1744921091.566268 7.24
1744921091.666528 1744921091.673757 7.23
1744921091.773951 1744921091.781144 7.19
1744921091.881307 1744921091.888479 7.17
1744921091.988586 1744921091.997484 8.90
1744921092.097650 1744921092.104841 7.19
1744921092.209408 1744921092.216741 7.33
1744921092.319893 1744921092.327205 7.31
1744921092.427387 1744921092.434632 7.25
1744921092.534817 1744921092.542068 7.25
1744921092.642233 1744921092.649473 7.24
1744921092.749679 1744921092.756986 7.31
1744921092.857227 1744921092.864456 7.23
1744921092.964686 1744921092.971908 7.22
1744921093.072088 1744921093.079352 7.26
1744921093.180680 1744921093.187913 7.23
1744921093.288188 1744921093.295386 7.20
1744921093.395555 1744921093.404413 8.86
1744921093.504637 1744921093.512674 8.04
1744921093.612870 1744921093.620121 7.25
1744921093.724267 1744921093.731505 7.24
1744921093.835729 1744921093.843052 7.32
1744921093.943237 1744921093.950456 7.22
1744921094.050618 1744921094.057860 7.24
1744921094.158048 1744921094.165244 7.20
1744921094.265416 1744921094.272696 7.28
1744921094.372870 1744921094.380149 7.28
1744921094.480322 1744921094.487583 7.26
1744921094.587772 1744921094.596665 8.89
1744921094.696868 1744921094.704179 7.31
1744921094.804395 1744921094.811746 7.35
1744921094.911920 1744921094.919162 7.24
1744921095.019370 1744921095.028228 8.86
1744921095.128448 1744921095.135716 7.27
1744921095.240473 1744921095.247695 7.22
1744921095.347940 1744921095.355148 7.21
1744921095.455344 1744921095.462617 7.27
1744921095.562826 1744921095.570062 7.24
1744921095.674351 1744921095.681629 7.28
1744921095.781810 1744921095.790763 8.95
1744921095.890974 1744921095.898208 7.23
1744921095.998383 1744921096.005648 7.26
1744921096.105843 1744921096.113045 7.20
1744921096.213221 1744921096.220466 7.24
1744921096.324657 1744921096.331920 7.26
1744921096.432095 1744921096.439335 7.24
1744921096.539511 1744921096.546743 7.23
1744921096.646930 1744921096.654172 7.24
1744921096.754287 1744921096.761555 7.27
1744921096.861737 1744921096.868975 7.24
1744921096.969169 1744921096.976466 7.30
1744921097.076705 1744921097.084270 7.57
1744921097.184343 1744921097.192114 7.77
1744921097.292327 1744921097.299554 7.23
1744921097.399742 1744921097.408579 8.84
1744921097.508762 1744921097.515958 7.20
1744921097.616123 1744921097.623362 7.24
1744921097.723534 1744921097.730746 7.21
1744921097.830914 1744921097.839721 8.81
1744921097.939909 1744921097.947304 7.40
1744921098.047559 1744921098.054856 7.30
1744921098.155060 1744921098.162290 7.23
1744921098.262462 1744921098.269677 7.22
1744921098.369848 1744921098.377038 7.19
1744921098.477160 1744921098.484395 7.24
1744921098.584579 1744921098.591849 7.27
1744921098.692014 1744921098.699262 7.25
1744921098.799433 1744921098.806704 7.27
1744921098.906877 1744921098.915759 8.88
1744921099.015927 1744921099.023168 7.24
1744921099.123329 1744921099.130524 7.19
1744921099.230688 1744921099.237892 7.20
1744921099.338060 1744921099.345292 7.23
1744921099.448379 1744921099.455584 7.21
1744921099.555758 1744921099.562948 7.19
1744921099.663157 1744921099.670408 7.25
1744921099.770613 1744921099.777900 7.29
1744921099.878080 1744921099.885257 7.18
1744921099.985421 1744921099.993462 8.04
1744921100.093679 1744921100.102528 8.85
1744921100.202737 1744921100.210044 7.31
1744921100.310230 1744921100.317443 7.21
1744921100.417802 1744921100.426713 8.91
1744921100.526886 1744921100.534148 7.26
1744921100.634410 1744921100.643230 8.82
1744921100.743409 1744921100.750965 7.56
1744921100.855643 1744921100.862939 7.30
1744921100.963111 1744921100.970373 7.26
1744921101.070565 1744921101.077835 7.27
1744921101.178040 1744921101.185372 7.33
1744921101.285591 1744921101.292898 7.31
1744921101.396223 1744921101.403579 7.36
1744921101.503850 1744921101.512628 8.78
1744921101.612829 1744921101.620080 7.25
1744921101.720265 1744921101.727530 7.27
1744921101.827709 1744921101.835155 7.45
1744921101.935403 1744921101.942643 7.24
1744921102.042849 1744921102.051140 8.29
1744921102.151366 1744921102.159802 8.44
1744921102.260016 1744921102.267262 7.25
1744921102.367516 1744921102.374850 7.33
1744921102.475031 1744921102.482214 7.18
1744921102.585925 1744921102.593162 7.24
1744921102.693337 1744921102.700622 7.29
1744921102.800802 1744921102.809634 8.83
1744921102.909840 1744921102.917576 7.74
1744921103.017838 1744921103.025179 7.34
1744921103.125357 1744921103.132778 7.42
1744921103.236683 1744921103.243966 7.28
1744921103.344160 1744921103.351469 7.31
1744921103.451646 1744921103.460476 8.83
1744921103.560708 1744921103.567928 7.22
1744921103.668122 1744921103.676953 8.83
1744921103.777152 1744921103.784370 7.22
1744921103.884555 1744921103.893462 8.91
1744921103.993633 1744921104.000924 7.29
1744921104.101040 1744921104.108369 7.33
1744921104.212998 1744921104.220925 7.93
1744921104.321097 1744921104.328294 7.20
1744921104.428471 1744921104.435837 7.37
1744921104.536043 1744921104.543372 7.33
1744921104.643549 1744921104.651188 7.64
1744921104.755450 1744921104.762720 7.27
1744921104.862898 1744921104.870171 7.27
1744921104.974729 1744921104.981948 7.22
1744921105.082212 1744921105.089434 7.22
1744921105.190186 1744921105.197418 7.23
1744921105.299782 1744921105.307039 7.26
1744921105.407237 1744921105.414436 7.20
1744921105.514605 1744921105.521817 7.21
1744921105.622033 1744921105.631043 9.01
1744921105.731212 1744921105.740093 8.88
1744921105.840260 1744921105.849078 8.82
1744921105.949257 1744921105.956494 7.24
1744921106.056678 1744921106.063987 7.31
1744921106.164158 1744921106.171354 7.20
1744921106.271524 1744921106.278691 7.17
1744921106.378837 1744921106.386025 7.19
1744921106.486202 1744921106.493399 7.20
1744921106.594483 1744921106.601685 7.20
1744921106.706256 1744921106.713488 7.23
1744921106.813672 1744921106.820923 7.25
1744921106.921147 1744921106.930001 8.85
1744921107.030273 1744921107.037484 7.21
1744921107.137662 1744921107.144911 7.25
1744921107.245097 1744921107.252347 7.25
1744921107.352627 1744921107.359843 7.22
1744921107.462972 1744921107.471805 8.83
1744921107.572027 1744921107.579336 7.31
1744921107.679508 1744921107.688511 9.00
1744921107.788695 1744921107.796837 8.14
1744921107.897010 1744921107.904445 7.43
1744921108.004620 1744921108.012292 7.67
1744921108.112533 1744921108.119737 7.20
1744921108.220069 1744921108.227268 7.20
1744921108.327433 1744921108.334639 7.21
1744921108.434815 1744921108.442022 7.21
1744921108.543363 1744921108.550636 7.27
1744921108.650937 1744921108.658172 7.23
1744921108.762769 1744921108.771610 8.84
1744921108.871774 1744921108.880799 9.03
1744921108.981052 1744921108.988298 7.25
1744921109.092122 1744921109.099299 7.18
1744921109.199479 1744921109.206708 7.23
1744921109.306871 1744921109.314109 7.24
1744921109.414281 1744921109.421520 7.24
1744921109.521717 1744921109.528913 7.20
1744921109.629108 1744921109.636316 7.21
1744921109.736487 1744921109.743662 7.18
1744921109.848512 1744921109.855785 7.27
1744921109.955971 1744921109.963283 7.31
1744921110.063458 1744921110.070690 7.23
1744921110.175082 1744921110.182901 7.82
1744921110.283076 1744921110.290273 7.20
1744921110.394260 1744921110.401493 7.23
1744921110.506014 1744921110.513263 7.25
1744921110.613426 1744921110.620739 7.31
1744921110.725304 1744921110.732593 7.29
1744921110.832761 1744921110.839969 7.21
1744921110.940134 1744921110.947495 7.36
1744921111.047660 1744921111.055007 7.35
1744921111.155221 1744921111.164092 8.87
1744921111.268898 1744921111.276108 7.21
1744921111.380965 1744921111.388202 7.24
1744921111.488407 1744921111.495714 7.31
1744921111.595888 1744921111.603182 7.29
1744921111.703364 1744921111.710580 7.22
1744921111.810747 1744921111.817988 7.24
1744921111.918159 1744921111.925465 7.31
1744921112.025649 1744921112.034521 8.87
1744921112.134705 1744921112.141930 7.23
1744921112.242713 1744921112.249965 7.25
1744921112.350077 1744921112.358983 8.91
1744921112.459181 1744921112.466443 7.26
1744921112.566653 1744921112.575332 8.68
1744921112.679503 1744921112.686753 7.25
1744921112.786915 1744921112.794219 7.30
1744921112.894391 1744921112.901641 7.25
1744921113.001786 1744921113.009046 7.26
1744921113.109217 1744921113.117668 8.45
1744921113.217805 1744921113.225091 7.29
1744921113.325257 1744921113.332452 7.19
1744921113.434663 1744921113.441864 7.20
1744921113.542041 1744921113.549261 7.22
1744921113.649426 1744921113.657601 8.18
1744921113.757763 1744921113.766682 8.92
1744921113.866850 1744921113.874119 7.27
1744921113.974311 1744921113.983157 8.85
1744921114.083321 1744921114.091225 7.90
1744921114.191401 1744921114.200112 8.71
1744921114.300284 1744921114.309246 8.96
1744921114.409447 1744921114.417688 8.24
1744921114.517859 1744921114.525081 7.22
1744921114.625259 1744921114.632479 7.22
1744921114.737217 1744921114.744440 7.22
1744921114.844619 1744921114.851822 7.20
1744921114.952007 1744921114.959228 7.22
1744921115.059425 1744921115.066620 7.19
1744921115.170359 1744921115.177600 7.24
1744921115.280760 1744921115.287996 7.24
1744921115.392829 1744921115.400158 7.33
1744921115.500323 1744921115.507519 7.20
1744921115.607688 1744921115.616626 8.94
1744921115.716754 1744921115.723983 7.23
1744921115.824168 1744921115.831365 7.20
1744921115.931531 1744921115.940417 8.89
1744921116.040603 1744921116.047874 7.27
1744921116.148044 1744921116.155252 7.21
1744921116.255392 1744921116.262687 7.29
1744921116.362896 1744921116.370153 7.26
1744921116.470331 1744921116.477622 7.29
1744921116.577812 1744921116.585027 7.22
1744921116.685207 1744921116.694107 8.90
1744921116.794287 1744921116.801571 7.28
1744921116.901737 1744921116.908935 7.20
1744921117.009102 1744921117.016465 7.36
1744921117.116627 1744921117.124669 8.04
1744921117.224851 1744921117.232137 7.29
1744921117.336708 1744921117.343948 7.24
1744921117.444116 1744921117.451349 7.23
1744921117.553555 1744921117.560793 7.24
1744921117.660905 1744921117.669748 8.84
1744921117.769913 1744921117.777110 7.20
1744921117.877324 1744921117.884580 7.26
1744921117.989457 1744921117.996718 7.26
1744921118.096885 1744921118.104099 7.21
1744921118.204302 1744921118.211518 7.22
1744921118.311697 1744921118.318920 7.22
1744921118.419111 1744921118.426334 7.22
1744921118.530449 1744921118.537669 7.22
1744921118.637848 1744921118.645122 7.27
1744921118.749239 1744921118.756482 7.24
1744921118.858835 1744921118.866050 7.22
1744921118.966247 1744921118.975092 8.84
1744921119.075267 1744921119.082593 7.33
1744921119.184392 1744921119.191603 7.21
1744921119.291924 1744921119.299188 7.26
1744921119.399391 1744921119.406657 7.27
1744921119.506872 1744921119.515863 8.99
1744921119.616478 1744921119.624205 7.73
1744921119.725635 1744921119.733723 8.09
1744921119.834066 1744921119.841369 7.30
1744921119.945968 1744921119.954225 8.26
1744921120.054406 1744921120.061651 7.25
1744921120.161822 1744921120.169010 7.19
