1744921060.178347
1744921060.290616
1744921060.404029
1744921060.511478
1744921060.618935
1744921060.726368
1744921060.833780
1744921060.941177
1744921061.048614
1744921061.156041
1744921061.263580
1744921061.372565
1744921061.479895
1744921061.587316
1744921061.694841
1744921061.802263
1744921061.910845
1744921062.019875
1744921062.127866
1744921062.235315
1744921062.342776
1744921062.450375
1744921062.557841
1744921062.666318
1744921062.777828
1744921062.886917
1744921062.996066
1744921063.103505
1744921063.213241
1744921063.320814
1744921063.428267
1744921063.537333
1744921063.646378
1744921063.753781
1744921063.861247
1744921063.969078
1744921064.076547
1744921064.183894
1744921064.291396
1744921064.398772
1744921064.506333
1744921064.613761
1744921064.721284
1744921064.829571
1744921064.937057
1744921065.044464
1744921065.151872
1744921065.259301
1744921065.366676
1744921065.474184
1744921065.583610
1744921065.694772
1744921065.802147
1744921065.909564
1744921066.017135
1744921066.124706
1744921066.232157
1744921066.341398
1744921066.450468
1744921066.557929
1744921066.670019
1744921066.779138
1744921066.886663
1744921066.995789
1744921067.103220
1744921067.210639
1744921067.318028
1744921067.425496
1744921067.532959
1744921067.640389
1744921067.748217
1744921067.860292
1744921067.967738
1744921068.075072
1744921068.184237
1744921068.291694
1744921068.399240
1744921068.506653
1744921068.614045
1744921068.721649
1744921068.833399
1744921068.940909
1744921069.048789
1744921069.156346
1744921069.265211
1744921069.372801
1744921069.480172
1744921069.588308
1744921069.700273
1744921069.809549
1744921069.917049
1744921070.024508
1744921070.131922
1744921070.239311
1744921070.346743
1744921070.455779
1744921070.567094
1744921070.674483
1744921070.783620
1744921070.891111
1744921070.998524
1744921071.105953
1744921071.217080
1744921071.324558
1744921071.433750
1744921071.541168
1744921071.648576
1744921071.756011
1744921071.863428
1744921071.970876
1744921072.078324
1744921072.189624
1744921072.300380
1744921072.412491
1744921072.523499
1744921072.630862
1744921072.738312
1744921072.851544
1744921072.960583
1744921073.068037
1744921073.175464
1744921073.282850
1744921073.391226
1744921073.498661
1744921073.607333
1744921073.716153
1744921073.825266
1744921073.934374
1744921074.045854
1744921074.153290
1744921074.260802
1744921074.368224
1744921074.475639
1744921074.583003
1744921074.690475
1744921074.797921
1744921074.906874
1744921075.014250
1744921075.125770
1744921075.233177
1744921075.342195
1744921075.449627
1744921075.557004
1744921075.667185
1744921075.774646
1744921075.883827
1744921075.991293
1744921076.098810
1744921076.206184
1744921076.313604
1744921076.421008
1744921076.528394
1744921076.637180
1744921076.746239
1744921076.854806
1744921076.964813
1744921077.072264
1744921077.179677
1744921077.288736
1744921077.396122
1744921077.503481
1744921077.610957
1744921077.720025
1744921077.829124
1744921077.936549
1744921078.044009
1744921078.155861
1744921078.263256
1744921078.370710
1744921078.478115
1744921078.585567
1744921078.694565
1744921078.801975
1744921078.909462
1744921079.017190
1744921079.125394
1744921079.233108
1744921079.340540
1744921079.447971
1744921079.555472
1744921079.662856
1744921079.770298
1744921079.877701
1744921079.985109
1744921080.092478
1744921080.200794
1744921080.308270
1744921080.415661
1744921080.523128
1744921080.630476
1744921080.738105
1744921080.845502
1744921080.952959
1744921081.060333
1744921081.167756
1744921081.275166
1744921081.382545
1744921081.491037
1744921081.598500
1744921081.705900
1744921081.813306
1744921081.924318
1744921082.031766
1744921082.139193
1744921082.246961
1744921082.354341
1744921082.461771
1744921082.569128
1744921082.676573
1744921082.783988
1744921082.891373
1744921082.998808
1744921083.106265
1744921083.213654
1744921083.321092
1744921083.428555
1744921083.535943
1744921083.643311
1744921083.750713
1744921083.858184
1744921083.966134
1744921084.073752
1744921084.181139
1744921084.288580
1744921084.397648
1744921084.505186
1744921084.612600
1744921084.719964
1744921084.827373
1744921084.934754
1744921085.042113
1744921085.149517
1744921085.256893
1744921085.364361
1744921085.471826
1744921085.579306
1744921085.686749
1744921085.794156
1744921085.901591
1744921086.009021
1744921086.117536
1744921086.229788
1744921086.337357
1744921086.444796
1744921086.553012
1744921086.661289
1744921086.768838
1744921086.880227
1744921086.987789
1744921087.095415
1744921087.202889
1744921087.310274
1744921087.419334
1744921087.526731
1744921087.635692
1744921087.744714
1744921087.852108
1744921087.961194
1744921088.072476
1744921088.179936
1744921088.288937
1744921088.396323
1744921088.503649
1744921088.611034
1744921088.720044
1744921088.827451
1744921088.940652
1744921089.048128
1744921089.157073
1744921089.264574
1744921089.373618
1744921089.481009
1744921089.588430
1744921089.696032
1744921089.803405
1744921089.912851
1744921090.020275
1744921090.127733
1744921090.236796
1744921090.350270
1744921090.463389
1744921090.572973
1744921090.682098
1744921090.790109
1744921090.900706
1744921091.008791
1744921091.117425
1744921091.224871
1744921091.333930
1744921091.445644
1744921091.559032
1744921091.666528
1744921091.773951
1744921091.881307
1744921091.988586
1744921092.097650
1744921092.209408
1744921092.319893
1744921092.427387
1744921092.534817
1744921092.642233
1744921092.749679
1744921092.857227
1744921092.964686
1744921093.072088
1744921093.180680
1744921093.288188
1744921093.395555
1744921093.504637
1744921093.612870
1744921093.724267
1744921093.835729
1744921093.943237
1744921094.050618
1744921094.158048
1744921094.265416
1744921094.372870
1744921094.480322
1744921094.587772
1744921094.696868
1744921094.804395
1744921094.911920
1744921095.019370
1744921095.128448
1744921095.240473
1744921095.347940
1744921095.455344
1744921095.562826
1744921095.674351
1744921095.781810
1744921095.890974
1744921095.998383
1744921096.105843
1744921096.213221
1744921096.324657
1744921096.432095
1744921096.539511
1744921096.646930
1744921096.754287
1744921096.861737
1744921096.969169
1744921097.076705
1744921097.184343
1744921097.292327
1744921097.399742
1744921097.508762
1744921097.616123
1744921097.723534
1744921097.830914
1744921097.939909
1744921098.047559
1744921098.155060
1744921098.262462
1744921098.369848
1744921098.477160
1744921098.584579
1744921098.692014
1744921098.799433
1744921098.906877
1744921099.015927
1744921099.123329
1744921099.230688
1744921099.338060
1744921099.448379
1744921099.555758
1744921099.663157
1744921099.770613
1744921099.878080
1744921099.985421
1744921100.093679
1744921100.202737
1744921100.310230
1744921100.417802
1744921100.526886
1744921100.634410
1744921100.743409
1744921100.855643
1744921100.963111
1744921101.070565
1744921101.178040
1744921101.285591
1744921101.396223
1744921101.503850
1744921101.612829
1744921101.720265
1744921101.827709
1744921101.935403
1744921102.042849
1744921102.151366
1744921102.260016
1744921102.367516
1744921102.475031
1744921102.585925
1744921102.693337
1744921102.800802
1744921102.909840
1744921103.017838
1744921103.125357
1744921103.236683
1744921103.344160
1744921103.451646
1744921103.560708
1744921103.668122
1744921103.777152
1744921103.884555
1744921103.993633
1744921104.101040
1744921104.212998
1744921104.321097
1744921104.428471
1744921104.536043
1744921104.643549
1744921104.755450
1744921104.862898
1744921104.974729
1744921105.082212
1744921105.190186
1744921105.299782
1744921105.407237
1744921105.514605
1744921105.622033
1744921105.731212
1744921105.840260
1744921105.949257
1744921106.056678
1744921106.164158
1744921106.271524
1744921106.378837
1744921106.486202
1744921106.594483
1744921106.706256
1744921106.813672
1744921106.921147
1744921107.030273
1744921107.137662
1744921107.245097
1744921107.352627
1744921107.462972
1744921107.572027
1744921107.679508
1744921107.788695
1744921107.897010
1744921108.004620
1744921108.112533
1744921108.220069
1744921108.327433
1744921108.434815
1744921108.543363
1744921108.650937
1744921108.762769
1744921108.871774
1744921108.981052
1744921109.092122
1744921109.199479
1744921109.306871
1744921109.414281
1744921109.521717
1744921109.629108
1744921109.736487
1744921109.848512
1744921109.955971
1744921110.063458
1744921110.175082
1744921110.283076
1744921110.394260
1744921110.506014
1744921110.613426
1744921110.725304
1744921110.832761
1744921110.940134
1744921111.047660
1744921111.155221
1744921111.268898
1744921111.380965
1744921111.488407
1744921111.595888
1744921111.703364
1744921111.810747
1744921111.918159
1744921112.025649
1744921112.134705
1744921112.242713
1744921112.350077
1744921112.459181
1744921112.566653
1744921112.679503
1744921112.786915
1744921112.894391
1744921113.001786
1744921113.109217
1744921113.217805
1744921113.325257
1744921113.434663
1744921113.542041
1744921113.649426
1744921113.757763
1744921113.866850
1744921113.974311
1744921114.083321
1744921114.191401
1744921114.300284
1744921114.409447
1744921114.517859
1744921114.625259
1744921114.737217
1744921114.844619
1744921114.952007
1744921115.059425
1744921115.170359
1744921115.280760
1744921115.392829
1744921115.500323
1744921115.607688
1744921115.716754
1744921115.824168
1744921115.931531
1744921116.040603
1744921116.148044
1744921116.255392
1744921116.362896
1744921116.470331
1744921116.577812
1744921116.685207
1744921116.794287
1744921116.901737
1744921117.009102
1744921117.116627
1744921117.224851
1744921117.336708
1744921117.444116
1744921117.553555
1744921117.660905
1744921117.769913
1744921117.877324
1744921117.989457
1744921118.096885
1744921118.204302
1744921118.311697
1744921118.419111
1744921118.530449
1744921118.637848
1744921118.749239
1744921118.858835
1744921118.966247
1744921119.075267
1744921119.184392
1744921119.291924
1744921119.399391
1744921119.506872
1744921119.616478
1744921119.725635
1744921119.834066
1744921119.945968
1744921120.054406
1744921120.161822
